<?xml version="1.0" encoding="UTF-8"?>
<testng-results ignored="0" total="1" passed="1" failed="0" skipped="0">
  <reporter-output>
  </reporter-output>
  <suite started-at="2023-06-29T13:33:39 IST" name="Default suite" finished-at="2023-06-29T13:34:41 IST" duration-ms="61996">
    <groups>
    </groups>
    <test started-at="2023-06-29T13:33:39 IST" name="Default test" finished-at="2023-06-29T13:34:41 IST" duration-ms="61996">
      <class name="testcmp.LoginFunctinalityTest">
        <test-method signature="loginFuncTest()[pri:0, instance:testcmp.LoginFunctinalityTest@5403f35f]" started-at="2023-06-29T13:33:39 IST" name="loginFuncTest" finished-at="2023-06-29T13:34:41 IST" duration-ms="61856" status="PASS">
          <reporter-output>
          </reporter-output>
        </test-method> <!-- loginFuncTest -->
      </class> <!-- testcmp.LoginFunctinalityTest -->
    </test> <!-- Default test -->
  </suite> <!-- Default suite -->
</testng-results>
